#-----------------------------------------------------------
# Vivado v2018.3 (64-bit)
# SW Build 2405991 on Thu Dec  6 23:38:27 MST 2018
# IP Build 2404404 on Fri Dec  7 01:43:56 MST 2018
# Start of session at: Tue Apr  1 11:33:57 2025
# Process ID: 37120
# Current directory: C:/Users/Joe/Desktop/UOFT/2025Win/ECE532/fin_kb/main
# Command line: vivado.exe -gui_launcher_event rodinguilauncherevent34412 C:\Users\Joe\Desktop\UOFT\2025Win\ECE532\fin_kb\main\OV7670.xpr
# Log file: C:/Users/Joe/Desktop/UOFT/2025Win/ECE532/fin_kb/main/vivado.log
# Journal file: C:/Users/Joe/Desktop/UOFT/2025Win/ECE532/fin_kb/main\vivado.jou
#-----------------------------------------------------------
start_gui
open_project C:/Users/Joe/Desktop/UOFT/2025Win/ECE532/fin_kb/main/OV7670.xpr
INFO: [Project 1-313] Project file moved from 'C:/Users/GuanYuhao/Documents/000_FILE/ECE532/22_Des/0_try/cap/main' since last save.
Scanning sources...
Finished scanning sources
INFO: [IP_Flow 19-234] Refreshing IP repositories
INFO: [IP_Flow 19-1700] Loaded user IP repository 'c:/Users/Joe/Desktop/UOFT/2025Win/ECE532/fin_kb/custom'.
INFO: [IP_Flow 19-2313] Loaded Vivado IP repository 'D:/Xilinx/Vivado/2018.3/data/ip'.
open_project: Time (s): cpu = 00:00:14 ; elapsed = 00:00:14 . Memory (MB): peak = 885.969 ; gain = 217.984
update_compile_order -fileset sources_1
exit
INFO: [Common 17-206] Exiting Vivado at Tue Apr  1 11:38:20 2025...
