#-----------------------------------------------------------
# Vivado v2018.3 (64-bit)
# SW Build 2405991 on Thu Dec  6 23:38:27 MST 2018
# IP Build 2404404 on Fri Dec  7 01:43:56 MST 2018
# Start of session at: Tue Apr  1 12:22:20 2025
# Process ID: 22760
# Current directory: C:/Users/Joe/Desktop/UOFT/2025Win/ECE532/fin_kb/main/OV7670.srcs/sources_1/bd/design_1/ip/design_1_img_proc_top_0_0
# Command line: vivado.exe -gui_launcher_event rodinguilauncherevent37740 C:\Users\Joe\Desktop\UOFT\2025Win\ECE532\fin_kb\main\OV7670.srcs\sources_1\bd\design_1\ip\design_1_img_proc_top_0_0\design_1_img_proc_top_0_0.dcp
# Log file: C:/Users/Joe/Desktop/UOFT/2025Win/ECE532/fin_kb/main/OV7670.srcs/sources_1/bd/design_1/ip/design_1_img_proc_top_0_0/vivado.log
# Journal file: C:/Users/Joe/Desktop/UOFT/2025Win/ECE532/fin_kb/main/OV7670.srcs/sources_1/bd/design_1/ip/design_1_img_proc_top_0_0\vivado.jou
#-----------------------------------------------------------
start_gui
open_checkpoint C:/Users/Joe/Desktop/UOFT/2025Win/ECE532/fin_kb/main/OV7670.srcs/sources_1/bd/design_1/ip/design_1_img_proc_top_0_0/design_1_img_proc_top_0_0.dcp
Command: open_checkpoint C:/Users/Joe/Desktop/UOFT/2025Win/ECE532/fin_kb/main/OV7670.srcs/sources_1/bd/design_1/ip/design_1_img_proc_top_0_0/design_1_img_proc_top_0_0.dcp

Starting open_checkpoint Task

Time (s): cpu = 00:00:00 ; elapsed = 00:00:00.039 . Memory (MB): peak = 713.086 ; gain = 0.000
INFO: [IP_Flow 19-234] Refreshing IP repositories
INFO: [IP_Flow 19-1704] No user IP repositories specified
INFO: [IP_Flow 19-2313] Loaded Vivado IP repository 'D:/Xilinx/Vivado/2018.3/data/ip'.
INFO: [Netlist 29-17] Analyzing 1022 Unisim elements for replacement
INFO: [Netlist 29-28] Unisim Transformation completed in 1 CPU seconds
INFO: [Project 1-479] Netlist was created with Vivado 2018.3
INFO: [Device 21-403] Loading part xc7a100tcsg324-1
INFO: [Project 1-570] Preparing netlist for logic optimization
Netlist sorting complete. Time (s): cpu = 00:00:00 ; elapsed = 00:00:00.003 . Memory (MB): peak = 1135.801 ; gain = 0.000
INFO: [Project 1-111] Unisim Transformation Summary:
  A total of 720 instances were transformed.
  RAM64M => RAM64M (RAMD64E, RAMD64E, RAMD64E, RAMD64E): 600 instances
  RAM64X1D => RAM64X1D (RAMD64E, RAMD64E): 120 instances

INFO: [Project 1-604] Checkpoint was created with Vivado v2018.3 (64-bit) build 2405991
open_checkpoint: Time (s): cpu = 00:00:35 ; elapsed = 00:00:34 . Memory (MB): peak = 1325.488 ; gain = 617.297
exit
INFO: [Common 17-206] Exiting Vivado at Tue Apr  1 13:10:43 2025...
